This is pdfTeX, Version 3.1415926-1.40.11 (TeX Live 2010) (format=latex 2011.3.15)  24 MAR 2012 18:03
entering extended mode
 restricted \write18 enabled.
 file:line:error style messages enabled.
 %&-line parsing enabled.
**/Users/Mads/dev/projects/formlets/src/main/scala/com/sidewayscoding/snippet/E
xampleFormlet.scala

(/Users/Mads/dev/projects/formlets/src/main/scala/com/sidewayscoding/snippet/Ex
ampleFormlet.scala
LaTeX2e <2009/09/24>
Babel <v3.8l> and hyphenation patterns for english, dumylang, nohyphenation, ge
rman-x-2009-06-19, ngerman-x-2009-06-19, ancientgreek, ibycus, arabic, armenian
, basque, bulgarian, catalan, pinyin, coptic, croatian, czech, danish, dutch, u
kenglish, usenglishmax, esperanto, estonian, farsi, finnish, french, galician, 
german, ngerman, swissgerman, monogreek, greek, hungarian, icelandic, assamese,
 bengali, gujarati, hindi, kannada, malayalam, marathi, oriya, panjabi, tamil, 
telugu, indonesian, interlingua, irish, italian, kurmanji, lao, latin, latvian,
 lithuanian, mongolian, mongolianlmc, bokmal, nynorsk, polish, portuguese, roma
nian, russian, sanskrit, serbian, slovak, slovenian, spanish, swedish, turkish,
 turkmen, ukrainian, uppersorbian, welsh, loaded.

/Users/Mads/dev/projects/formlets/src/main/scala/com/sidewayscoding/snippet/Exa
mpleFormlet.scala:1: LaTeX Error: Missing \begin{document}.

See the LaTeX manual or LaTeX Companion for explanation.
Type  H <return>  for immediate help.
 ...                                              
                                                  
l.1 p
     ackage com.sidewayscoding.snippet
? 
/Users/Mads/dev/projects/formlets/src/main/scala/com/sidewayscoding/snippet/Exa
mpleFormlet.scala:1: Emergency stop.
 ...                                              
                                                  
l.1 p
     ackage com.sidewayscoding.snippet
You're in trouble here.  Try typing  <return>  to proceed.
If that doesn't work, type  X <return>  to quit.

 
Here is how much of TeX's memory you used:
 8 strings out of 493748
 523 string characters out of 3143569
 49070 words of memory out of 3000000
 3397 multiletter control sequences out of 15000+200000
 3640 words of font info for 14 fonts, out of 3000000 for 9000
 714 hyphenation exceptions out of 8191
 5i,0n,4p,133b,14s stack positions out of 5000i,500n,10000p,200000b,50000s
/Users/Mads/dev/projects/formlets/src/main/scala/com/sidewayscoding/snippet/Exa
mpleFormlet.scala:1:  ==> Fatal error occurred, no output PDF file produced!
